Using pre-set license
Built from '2021.1/release' branch; Version is '2021.1.4f1 (4cd64a618c1b) revision 5035594'; Using compiler version '192528614'; Build Type 'Release'
OS: 'Windows 10 Pro; OS build 18363.1082; Version 1909; 64bit' Language: 'en' Physical Memory: 16316 MB
BatchMode: 1, IsHumanControllingUs: 0, StartBugReporterOnCrash: 0, Is64bit: 1, IsPro: 0

 COMMAND LINE ARGUMENTS:
C:\Program Files\Unity\Hub\Editor\2021.1.4f1\Editor\Unity.exe
-adb2
-batchMode
-noUpm
-name
AssetImportWorker0
-projectPath
C:/Users/webam/Documents/GitHub/LD48/Unity Project/LD48
-logFile
Logs/AssetImportWorker0.log
-srvPort
60687
Successfully changed project path to: C:/Users/webam/Documents/GitHub/LD48/Unity Project/LD48
C:/Users/webam/Documents/GitHub/LD48/Unity Project/LD48
Using Asset Import Pipeline V2.
Refreshing native plugins compatible for Editor in 50.99 ms, found 1 plugins.
Preloading 0 native plugins for Editor in 0.00 ms.
Initialize engine version: 2021.1.4f1 (4cd64a618c1b)
[Subsystems] Discovering subsystems at path C:/Program Files/Unity/Hub/Editor/2021.1.4f1/Editor/Data/Resources/UnitySubsystems
[Subsystems] Discovering subsystems at path C:/Users/webam/Documents/GitHub/LD48/Unity Project/LD48/Assets
GfxDevice: creating device client; threaded=0; jobified=0
Direct3D:
    Version:  Direct3D 11.0 [level 11.1]
    Renderer: NVIDIA GeForce GTX 1060 6GB (ID=0x1b83)
    Vendor:   NVIDIA
    VRAM:     6052 MB
    Driver:   26.21.14.3200
Initialize mono
Mono path[0] = 'C:/Program Files/Unity/Hub/Editor/2021.1.4f1/Editor/Data/Managed'
Mono path[1] = 'C:/Program Files/Unity/Hub/Editor/2021.1.4f1/Editor/Data/MonoBleedingEdge/lib/mono/unityjit'
Mono config path = 'C:/Program Files/Unity/Hub/Editor/2021.1.4f1/Editor/Data/MonoBleedingEdge/etc'
Using monoOptions --debugger-agent=transport=dt_socket,embedding=1,server=y,suspend=n,address=127.0.0.1:56108
Begin MonoManager ReloadAssembly
Registering precompiled unity dll's ...
Register platform support module: C:/Program Files/Unity/Hub/Editor/2021.1.4f1/Editor/Data/PlaybackEngines/WebGLSupport/UnityEditor.WebGL.Extensions.dll
Register platform support module: C:/Program Files/Unity/Hub/Editor/2021.1.4f1/Editor/Data/PlaybackEngines/WindowsStandaloneSupport/UnityEditor.WindowsStandalone.Extensions.dll
Registered in 0.002971 seconds.
Native extension for WindowsStandalone target not found
Native extension for WebGL target not found
Refreshing native plugins compatible for Editor in 51.42 ms, found 1 plugins.
Preloading 0 native plugins for Editor in 0.00 ms.
Mono: successfully reloaded assembly
- Completed reload, in  2.198 seconds
Platform modules already initialized, skipping
Registering precompiled user dll's ...
Registered in 0.001448 seconds.
Begin MonoManager ReloadAssembly
Native extension for WindowsStandalone target not found
Native extension for WebGL target not found
Refreshing native plugins compatible for Editor in 51.34 ms, found 1 plugins.
Preloading 0 native plugins for Editor in 0.00 ms.
Mono: successfully reloaded assembly
- Completed reload, in  1.168 seconds
Platform modules already initialized, skipping
========================================================================
Worker process is ready to serve import requests
Launched and connected shader compiler UnityShaderCompiler.exe after 0.05 seconds
Refreshing native plugins compatible for Editor in 0.54 ms, found 1 plugins.
Preloading 0 native plugins for Editor in 0.00 ms.
Unloading 1972 Unused Serialized files (Serialized files now loaded: 0)
System memory in use before: 99.5 MB.
System memory in use after: 99.2 MB.

Unloading 21 unused Assets to reduce memory usage. Loaded Objects now: 2440.
Total: 2.775800 ms (FindLiveObjects: 0.223900 ms CreateObjectMapping: 0.054900 ms MarkObjects: 2.226100 ms  DeleteObjects: 0.269500 ms)

========================================================================
Received Import Request.
  path: Assets/Scenes/TemplateArea.unity
  artifactKey: Guid(0af23740b17713243a2602514ec72d74) Importer(815301076,1909f56bfc062723c751e8b465ee728b)
Start importing Assets/Scenes/TemplateArea.unity using Guid(0af23740b17713243a2602514ec72d74) Importer(815301076,1909f56bfc062723c751e8b465ee728b)  -> (artifact id: '80553e924372bbcc387d87b065367213') in 0.020412 seconds 
========================================================================
Received Prepare
Registering precompiled user dll's ...
Registered in 0.001452 seconds.
Begin MonoManager ReloadAssembly
Native extension for WindowsStandalone target not found
Native extension for WebGL target not found
Refreshing native plugins compatible for Editor in 0.56 ms, found 1 plugins.
Preloading 0 native plugins for Editor in 0.00 ms.
Mono: successfully reloaded assembly
- Completed reload, in  1.043 seconds
Platform modules already initialized, skipping
Refreshing native plugins compatible for Editor in 0.53 ms, found 1 plugins.
Preloading 0 native plugins for Editor in 0.00 ms.
Unloading 1944 Unused Serialized files (Serialized files now loaded: 0)
System memory in use before: 97.2 MB.
System memory in use after: 96.9 MB.

Unloading 10 unused Assets to reduce memory usage. Loaded Objects now: 2443.
Total: 2.694800 ms (FindLiveObjects: 0.241300 ms CreateObjectMapping: 0.084400 ms MarkObjects: 2.126500 ms  DeleteObjects: 0.241200 ms)

========================================================================
Received Prepare
Registering precompiled user dll's ...
Registered in 0.001382 seconds.
Begin MonoManager ReloadAssembly
Native extension for WindowsStandalone target not found
Native extension for WebGL target not found
Refreshing native plugins compatible for Editor in 0.55 ms, found 1 plugins.
Preloading 0 native plugins for Editor in 0.00 ms.
Mono: successfully reloaded assembly
- Completed reload, in  1.045 seconds
Platform modules already initialized, skipping
Refreshing native plugins compatible for Editor in 0.54 ms, found 1 plugins.
Preloading 0 native plugins for Editor in 0.00 ms.
Unloading 1944 Unused Serialized files (Serialized files now loaded: 0)
System memory in use before: 97.2 MB.
System memory in use after: 96.9 MB.

Unloading 10 unused Assets to reduce memory usage. Loaded Objects now: 2446.
Total: 2.601700 ms (FindLiveObjects: 0.204100 ms CreateObjectMapping: 0.054400 ms MarkObjects: 2.107100 ms  DeleteObjects: 0.234900 ms)

========================================================================
Received Prepare
Registering precompiled user dll's ...
Registered in 0.001440 seconds.
Begin MonoManager ReloadAssembly
Native extension for WindowsStandalone target not found
Native extension for WebGL target not found
Refreshing native plugins compatible for Editor in 0.70 ms, found 1 plugins.
Preloading 0 native plugins for Editor in 0.00 ms.
Mono: successfully reloaded assembly
- Completed reload, in  1.076 seconds
Platform modules already initialized, skipping
Refreshing native plugins compatible for Editor in 0.54 ms, found 1 plugins.
Preloading 0 native plugins for Editor in 0.00 ms.
Unloading 1944 Unused Serialized files (Serialized files now loaded: 0)
System memory in use before: 97.2 MB.
System memory in use after: 97.0 MB.

Unloading 10 unused Assets to reduce memory usage. Loaded Objects now: 2449.
Total: 2.681300 ms (FindLiveObjects: 0.236800 ms CreateObjectMapping: 0.052700 ms MarkObjects: 2.149200 ms  DeleteObjects: 0.240900 ms)

========================================================================
Received Prepare
Registering precompiled user dll's ...
Registered in 0.001415 seconds.
Begin MonoManager ReloadAssembly
Native extension for WindowsStandalone target not found
Native extension for WebGL target not found
Refreshing native plugins compatible for Editor in 0.54 ms, found 1 plugins.
Preloading 0 native plugins for Editor in 0.00 ms.
Mono: successfully reloaded assembly
- Completed reload, in  1.005 seconds
Platform modules already initialized, skipping
Refreshing native plugins compatible for Editor in 0.56 ms, found 1 plugins.
Preloading 0 native plugins for Editor in 0.00 ms.
Unloading 1944 Unused Serialized files (Serialized files now loaded: 0)
System memory in use before: 97.2 MB.
System memory in use after: 97.0 MB.

Unloading 10 unused Assets to reduce memory usage. Loaded Objects now: 2452.
Total: 2.606200 ms (FindLiveObjects: 0.211900 ms CreateObjectMapping: 0.054200 ms MarkObjects: 2.094600 ms  DeleteObjects: 0.244300 ms)

========================================================================
Received Prepare
Registering precompiled user dll's ...
Registered in 0.001333 seconds.
Begin MonoManager ReloadAssembly
Native extension for WindowsStandalone target not found
Native extension for WebGL target not found
Refreshing native plugins compatible for Editor in 0.56 ms, found 1 plugins.
Preloading 0 native plugins for Editor in 0.00 ms.
Mono: successfully reloaded assembly
- Completed reload, in  0.998 seconds
Platform modules already initialized, skipping
Refreshing native plugins compatible for Editor in 0.70 ms, found 1 plugins.
Preloading 0 native plugins for Editor in 0.00 ms.
Unloading 1944 Unused Serialized files (Serialized files now loaded: 0)
System memory in use before: 97.2 MB.
System memory in use after: 97.0 MB.

Unloading 10 unused Assets to reduce memory usage. Loaded Objects now: 2455.
Total: 2.690500 ms (FindLiveObjects: 0.206000 ms CreateObjectMapping: 0.053700 ms MarkObjects: 2.191900 ms  DeleteObjects: 0.237800 ms)

========================================================================
Received Prepare
Registering precompiled user dll's ...
Registered in 0.001338 seconds.
Begin MonoManager ReloadAssembly
Native extension for WindowsStandalone target not found
Native extension for WebGL target not found
Refreshing native plugins compatible for Editor in 0.56 ms, found 1 plugins.
Preloading 0 native plugins for Editor in 0.00 ms.
Mono: successfully reloaded assembly
- Completed reload, in  0.996 seconds
Platform modules already initialized, skipping
Refreshing native plugins compatible for Editor in 0.54 ms, found 1 plugins.
Preloading 0 native plugins for Editor in 0.00 ms.
Unloading 1944 Unused Serialized files (Serialized files now loaded: 0)
System memory in use before: 97.3 MB.
System memory in use after: 97.0 MB.

Unloading 10 unused Assets to reduce memory usage. Loaded Objects now: 2458.
Total: 2.642700 ms (FindLiveObjects: 0.211300 ms CreateObjectMapping: 0.053900 ms MarkObjects: 2.132100 ms  DeleteObjects: 0.244100 ms)

========================================================================
Received Prepare
Registering precompiled user dll's ...
Registered in 0.001376 seconds.
Begin MonoManager ReloadAssembly
Native extension for WindowsStandalone target not found
Native extension for WebGL target not found
Refreshing native plugins compatible for Editor in 0.55 ms, found 1 plugins.
Preloading 0 native plugins for Editor in 0.00 ms.
Mono: successfully reloaded assembly
- Completed reload, in  1.024 seconds
Platform modules already initialized, skipping
Refreshing native plugins compatible for Editor in 0.53 ms, found 1 plugins.
Preloading 0 native plugins for Editor in 0.00 ms.
Unloading 1944 Unused Serialized files (Serialized files now loaded: 0)
System memory in use before: 97.3 MB.
System memory in use after: 97.0 MB.

Unloading 10 unused Assets to reduce memory usage. Loaded Objects now: 2461.
Total: 2.692400 ms (FindLiveObjects: 0.209600 ms CreateObjectMapping: 0.053800 ms MarkObjects: 2.180800 ms  DeleteObjects: 0.247100 ms)

========================================================================
Received Prepare
Registering precompiled user dll's ...
Registered in 0.001461 seconds.
Begin MonoManager ReloadAssembly
Native extension for WindowsStandalone target not found
Native extension for WebGL target not found
Refreshing native plugins compatible for Editor in 0.54 ms, found 1 plugins.
Preloading 0 native plugins for Editor in 0.00 ms.
Mono: successfully reloaded assembly
- Completed reload, in  0.986 seconds
Platform modules already initialized, skipping
Refreshing native plugins compatible for Editor in 0.56 ms, found 1 plugins.
Preloading 0 native plugins for Editor in 0.00 ms.
Unloading 1944 Unused Serialized files (Serialized files now loaded: 0)
System memory in use before: 97.3 MB.
System memory in use after: 97.0 MB.

Unloading 10 unused Assets to reduce memory usage. Loaded Objects now: 2464.
Total: 2.776600 ms (FindLiveObjects: 0.219200 ms CreateObjectMapping: 0.054300 ms MarkObjects: 2.232600 ms  DeleteObjects: 0.269300 ms)

========================================================================
Received Prepare
Registering precompiled user dll's ...
Registered in 0.001468 seconds.
Begin MonoManager ReloadAssembly
Native extension for WindowsStandalone target not found
Native extension for WebGL target not found
Refreshing native plugins compatible for Editor in 0.55 ms, found 1 plugins.
Preloading 0 native plugins for Editor in 0.00 ms.
Mono: successfully reloaded assembly
- Completed reload, in  0.987 seconds
Platform modules already initialized, skipping
Refreshing native plugins compatible for Editor in 0.54 ms, found 1 plugins.
Preloading 0 native plugins for Editor in 0.00 ms.
Unloading 1944 Unused Serialized files (Serialized files now loaded: 0)
System memory in use before: 97.3 MB.
System memory in use after: 97.0 MB.

Unloading 10 unused Assets to reduce memory usage. Loaded Objects now: 2467.
Total: 2.602200 ms (FindLiveObjects: 0.222300 ms CreateObjectMapping: 0.064000 ms MarkObjects: 2.074200 ms  DeleteObjects: 0.240700 ms)

========================================================================
Received Prepare
Registering precompiled user dll's ...
Registered in 0.001339 seconds.
Begin MonoManager ReloadAssembly
Native extension for WindowsStandalone target not found
Native extension for WebGL target not found
Refreshing native plugins compatible for Editor in 0.52 ms, found 1 plugins.
Preloading 0 native plugins for Editor in 0.00 ms.
Mono: successfully reloaded assembly
- Completed reload, in  0.989 seconds
Platform modules already initialized, skipping
Refreshing native plugins compatible for Editor in 0.56 ms, found 1 plugins.
Preloading 0 native plugins for Editor in 0.00 ms.
Unloading 1944 Unused Serialized files (Serialized files now loaded: 0)
System memory in use before: 97.3 MB.
System memory in use after: 97.0 MB.

Unloading 10 unused Assets to reduce memory usage. Loaded Objects now: 2470.
Total: 2.681200 ms (FindLiveObjects: 0.205700 ms CreateObjectMapping: 0.054100 ms MarkObjects: 2.141400 ms  DeleteObjects: 0.278700 ms)

========================================================================
Received Prepare
Registering precompiled user dll's ...
Registered in 0.001324 seconds.
Begin MonoManager ReloadAssembly
Native extension for WindowsStandalone target not found
Native extension for WebGL target not found
Refreshing native plugins compatible for Editor in 0.57 ms, found 1 plugins.
Preloading 0 native plugins for Editor in 0.00 ms.
Mono: successfully reloaded assembly
- Completed reload, in  0.997 seconds
Platform modules already initialized, skipping
Refreshing native plugins compatible for Editor in 0.54 ms, found 1 plugins.
Preloading 0 native plugins for Editor in 0.00 ms.
Unloading 1944 Unused Serialized files (Serialized files now loaded: 0)
System memory in use before: 97.3 MB.
System memory in use after: 97.1 MB.

Unloading 10 unused Assets to reduce memory usage. Loaded Objects now: 2473.
Total: 2.621300 ms (FindLiveObjects: 0.201600 ms CreateObjectMapping: 0.052900 ms MarkObjects: 2.114100 ms  DeleteObjects: 0.251500 ms)

========================================================================
Received Prepare
Registering precompiled user dll's ...
Registered in 0.002400 seconds.
Begin MonoManager ReloadAssembly
Native extension for WindowsStandalone target not found
Native extension for WebGL target not found
Refreshing native plugins compatible for Editor in 0.58 ms, found 1 plugins.
Preloading 0 native plugins for Editor in 0.00 ms.
Mono: successfully reloaded assembly
- Completed reload, in  0.993 seconds
Platform modules already initialized, skipping
Refreshing native plugins compatible for Editor in 0.55 ms, found 1 plugins.
Preloading 0 native plugins for Editor in 0.00 ms.
Unloading 1944 Unused Serialized files (Serialized files now loaded: 0)
System memory in use before: 97.3 MB.
System memory in use after: 97.1 MB.

Unloading 10 unused Assets to reduce memory usage. Loaded Objects now: 2476.
Total: 2.804100 ms (FindLiveObjects: 0.213800 ms CreateObjectMapping: 0.057500 ms MarkObjects: 2.276400 ms  DeleteObjects: 0.255000 ms)

========================================================================
Received Prepare
Registering precompiled user dll's ...
Registered in 0.001355 seconds.
Begin MonoManager ReloadAssembly
Native extension for WindowsStandalone target not found
Native extension for WebGL target not found
Refreshing native plugins compatible for Editor in 0.57 ms, found 1 plugins.
Preloading 0 native plugins for Editor in 0.00 ms.
Mono: successfully reloaded assembly
- Completed reload, in  0.988 seconds
Platform modules already initialized, skipping
Refreshing native plugins compatible for Editor in 0.51 ms, found 1 plugins.
Preloading 0 native plugins for Editor in 0.00 ms.
Unloading 1944 Unused Serialized files (Serialized files now loaded: 0)
System memory in use before: 97.3 MB.
System memory in use after: 97.1 MB.

Unloading 10 unused Assets to reduce memory usage. Loaded Objects now: 2479.
Total: 2.767800 ms (FindLiveObjects: 0.236000 ms CreateObjectMapping: 0.060800 ms MarkObjects: 2.205300 ms  DeleteObjects: 0.263900 ms)

========================================================================
Received Prepare
Registering precompiled user dll's ...
Registered in 0.001472 seconds.
Begin MonoManager ReloadAssembly
Native extension for WindowsStandalone target not found
Native extension for WebGL target not found
Refreshing native plugins compatible for Editor in 0.54 ms, found 1 plugins.
Preloading 0 native plugins for Editor in 0.00 ms.
Mono: successfully reloaded assembly
- Completed reload, in  0.992 seconds
Platform modules already initialized, skipping
Refreshing native plugins compatible for Editor in 0.53 ms, found 1 plugins.
Preloading 0 native plugins for Editor in 0.00 ms.
Unloading 1944 Unused Serialized files (Serialized files now loaded: 0)
System memory in use before: 97.3 MB.
System memory in use after: 97.1 MB.

Unloading 10 unused Assets to reduce memory usage. Loaded Objects now: 2482.
Total: 2.820700 ms (FindLiveObjects: 0.209300 ms CreateObjectMapping: 0.052200 ms MarkObjects: 2.301500 ms  DeleteObjects: 0.256200 ms)

========================================================================
Received Prepare
Registering precompiled user dll's ...
Registered in 0.001301 seconds.
Begin MonoManager ReloadAssembly
Native extension for WindowsStandalone target not found
Native extension for WebGL target not found
Refreshing native plugins compatible for Editor in 0.55 ms, found 1 plugins.
Preloading 0 native plugins for Editor in 0.00 ms.
Mono: successfully reloaded assembly
- Completed reload, in  0.989 seconds
Platform modules already initialized, skipping
Refreshing native plugins compatible for Editor in 0.54 ms, found 1 plugins.
Preloading 0 native plugins for Editor in 0.00 ms.
Unloading 1944 Unused Serialized files (Serialized files now loaded: 0)
System memory in use before: 97.3 MB.
System memory in use after: 97.1 MB.

Unloading 10 unused Assets to reduce memory usage. Loaded Objects now: 2485.
Total: 2.699800 ms (FindLiveObjects: 0.205300 ms CreateObjectMapping: 0.054200 ms MarkObjects: 2.135100 ms  DeleteObjects: 0.304000 ms)

========================================================================
Received Prepare
Registering precompiled user dll's ...
Registered in 0.001381 seconds.
Begin MonoManager ReloadAssembly
Native extension for WindowsStandalone target not found
Native extension for WebGL target not found
Refreshing native plugins compatible for Editor in 0.58 ms, found 1 plugins.
Preloading 0 native plugins for Editor in 0.00 ms.
Mono: successfully reloaded assembly
- Completed reload, in  0.995 seconds
Platform modules already initialized, skipping
Refreshing native plugins compatible for Editor in 0.54 ms, found 1 plugins.
Preloading 0 native plugins for Editor in 0.00 ms.
Unloading 1944 Unused Serialized files (Serialized files now loaded: 0)
System memory in use before: 97.3 MB.
System memory in use after: 97.1 MB.

Unloading 10 unused Assets to reduce memory usage. Loaded Objects now: 2488.
Total: 2.912700 ms (FindLiveObjects: 0.206900 ms CreateObjectMapping: 0.053200 ms MarkObjects: 2.380700 ms  DeleteObjects: 0.270400 ms)

========================================================================
Received Prepare
Registering precompiled user dll's ...
Registered in 0.002590 seconds.
Begin MonoManager ReloadAssembly
Native extension for WindowsStandalone target not found
Native extension for WebGL target not found
Refreshing native plugins compatible for Editor in 0.58 ms, found 1 plugins.
Preloading 0 native plugins for Editor in 0.00 ms.
Mono: successfully reloaded assembly
- Completed reload, in  0.985 seconds
Platform modules already initialized, skipping
Refreshing native plugins compatible for Editor in 0.55 ms, found 1 plugins.
Preloading 0 native plugins for Editor in 0.00 ms.
Unloading 1944 Unused Serialized files (Serialized files now loaded: 0)
System memory in use before: 97.3 MB.
System memory in use after: 97.1 MB.

Unloading 10 unused Assets to reduce memory usage. Loaded Objects now: 2491.
Total: 2.852000 ms (FindLiveObjects: 0.246300 ms CreateObjectMapping: 0.064600 ms MarkObjects: 2.279700 ms  DeleteObjects: 0.259900 ms)

========================================================================
Received Prepare
Registering precompiled user dll's ...
Registered in 0.002576 seconds.
Begin MonoManager ReloadAssembly
Native extension for WindowsStandalone target not found
Native extension for WebGL target not found
Refreshing native plugins compatible for Editor in 0.58 ms, found 1 plugins.
Preloading 0 native plugins for Editor in 0.00 ms.
Mono: successfully reloaded assembly
- Completed reload, in  1.010 seconds
Platform modules already initialized, skipping
Refreshing native plugins compatible for Editor in 0.57 ms, found 1 plugins.
Preloading 0 native plugins for Editor in 0.00 ms.
Unloading 1944 Unused Serialized files (Serialized files now loaded: 0)
System memory in use before: 97.4 MB.
System memory in use after: 97.1 MB.

Unloading 10 unused Assets to reduce memory usage. Loaded Objects now: 2494.
Total: 2.765600 ms (FindLiveObjects: 0.221200 ms CreateObjectMapping: 0.052300 ms MarkObjects: 2.217900 ms  DeleteObjects: 0.272800 ms)

========================================================================
Received Prepare
Registering precompiled user dll's ...
Registered in 0.002382 seconds.
Begin MonoManager ReloadAssembly
Native extension for WindowsStandalone target not found
Native extension for WebGL target not found
Refreshing native plugins compatible for Editor in 0.60 ms, found 1 plugins.
Preloading 0 native plugins for Editor in 0.00 ms.
Mono: successfully reloaded assembly
- Completed reload, in  1.024 seconds
Platform modules already initialized, skipping
Refreshing native plugins compatible for Editor in 0.56 ms, found 1 plugins.
Preloading 0 native plugins for Editor in 0.00 ms.
Unloading 1944 Unused Serialized files (Serialized files now loaded: 0)
System memory in use before: 97.4 MB.
System memory in use after: 97.1 MB.

Unloading 10 unused Assets to reduce memory usage. Loaded Objects now: 2497.
Total: 3.884100 ms (FindLiveObjects: 0.220600 ms CreateObjectMapping: 0.058100 ms MarkObjects: 3.296700 ms  DeleteObjects: 0.306700 ms)

========================================================================
Received Prepare
Registering precompiled user dll's ...
Registered in 0.001864 seconds.
Begin MonoManager ReloadAssembly
Native extension for WindowsStandalone target not found
Native extension for WebGL target not found
Refreshing native plugins compatible for Editor in 0.57 ms, found 1 plugins.
Preloading 0 native plugins for Editor in 0.00 ms.
Mono: successfully reloaded assembly
- Completed reload, in  0.988 seconds
Platform modules already initialized, skipping
Refreshing native plugins compatible for Editor in 0.55 ms, found 1 plugins.
Preloading 0 native plugins for Editor in 0.00 ms.
Unloading 1944 Unused Serialized files (Serialized files now loaded: 0)
System memory in use before: 97.3 MB.
System memory in use after: 97.1 MB.

Unloading 10 unused Assets to reduce memory usage. Loaded Objects now: 2500.
Total: 2.669900 ms (FindLiveObjects: 0.210000 ms CreateObjectMapping: 0.053700 ms MarkObjects: 2.156400 ms  DeleteObjects: 0.248500 ms)

========================================================================
Received Prepare
Registering precompiled user dll's ...
Registered in 0.001342 seconds.
Begin MonoManager ReloadAssembly
Native extension for WindowsStandalone target not found
Native extension for WebGL target not found
Refreshing native plugins compatible for Editor in 0.54 ms, found 1 plugins.
Preloading 0 native plugins for Editor in 0.00 ms.
Mono: successfully reloaded assembly
- Completed reload, in  0.987 seconds
Platform modules already initialized, skipping
Refreshing native plugins compatible for Editor in 0.53 ms, found 1 plugins.
Preloading 0 native plugins for Editor in 0.00 ms.
Unloading 1944 Unused Serialized files (Serialized files now loaded: 0)
System memory in use before: 97.4 MB.
System memory in use after: 97.1 MB.

Unloading 10 unused Assets to reduce memory usage. Loaded Objects now: 2503.
Total: 2.937500 ms (FindLiveObjects: 0.216100 ms CreateObjectMapping: 0.054700 ms MarkObjects: 2.406500 ms  DeleteObjects: 0.259000 ms)

========================================================================
Received Prepare
Registering precompiled user dll's ...
Registered in 0.002831 seconds.
Begin MonoManager ReloadAssembly
Native extension for WindowsStandalone target not found
Native extension for WebGL target not found
Refreshing native plugins compatible for Editor in 0.58 ms, found 1 plugins.
Preloading 0 native plugins for Editor in 0.00 ms.
Mono: successfully reloaded assembly
- Completed reload, in  0.993 seconds
Platform modules already initialized, skipping
Refreshing native plugins compatible for Editor in 0.54 ms, found 1 plugins.
Preloading 0 native plugins for Editor in 0.00 ms.
Unloading 1944 Unused Serialized files (Serialized files now loaded: 0)
System memory in use before: 97.4 MB.
System memory in use after: 97.1 MB.

Unloading 10 unused Assets to reduce memory usage. Loaded Objects now: 2506.
Total: 2.823200 ms (FindLiveObjects: 0.224000 ms CreateObjectMapping: 0.053500 ms MarkObjects: 2.259100 ms  DeleteObjects: 0.285200 ms)

========================================================================
Received Prepare
Registering precompiled user dll's ...
Registered in 0.001347 seconds.
Begin MonoManager ReloadAssembly
Native extension for WindowsStandalone target not found
Native extension for WebGL target not found
Refreshing native plugins compatible for Editor in 0.56 ms, found 1 plugins.
Preloading 0 native plugins for Editor in 0.00 ms.
Mono: successfully reloaded assembly
- Completed reload, in  0.988 seconds
Platform modules already initialized, skipping
Refreshing native plugins compatible for Editor in 0.57 ms, found 1 plugins.
Preloading 0 native plugins for Editor in 0.00 ms.
Unloading 1944 Unused Serialized files (Serialized files now loaded: 0)
System memory in use before: 97.5 MB.
System memory in use after: 97.2 MB.

Unloading 10 unused Assets to reduce memory usage. Loaded Objects now: 2509.
Total: 2.718700 ms (FindLiveObjects: 0.211200 ms CreateObjectMapping: 0.054800 ms MarkObjects: 2.194400 ms  DeleteObjects: 0.256800 ms)

========================================================================
Received Prepare
Registering precompiled user dll's ...
Registered in 0.002766 seconds.
Begin MonoManager ReloadAssembly
Native extension for WindowsStandalone target not found
Native extension for WebGL target not found
Refreshing native plugins compatible for Editor in 0.61 ms, found 1 plugins.
Preloading 0 native plugins for Editor in 0.00 ms.
Mono: successfully reloaded assembly
- Completed reload, in  0.996 seconds
Platform modules already initialized, skipping
Refreshing native plugins compatible for Editor in 0.54 ms, found 1 plugins.
Preloading 0 native plugins for Editor in 0.00 ms.
Unloading 1944 Unused Serialized files (Serialized files now loaded: 0)
System memory in use before: 97.5 MB.
System memory in use after: 97.2 MB.

Unloading 10 unused Assets to reduce memory usage. Loaded Objects now: 2512.
Total: 2.767000 ms (FindLiveObjects: 0.236600 ms CreateObjectMapping: 0.064300 ms MarkObjects: 2.203800 ms  DeleteObjects: 0.260600 ms)

========================================================================
Received Prepare
Registering precompiled user dll's ...
Registered in 0.001439 seconds.
Begin MonoManager ReloadAssembly
Native extension for WindowsStandalone target not found
Native extension for WebGL target not found
Refreshing native plugins compatible for Editor in 0.70 ms, found 1 plugins.
Preloading 0 native plugins for Editor in 0.00 ms.
Mono: successfully reloaded assembly
- Completed reload, in  1.038 seconds
Platform modules already initialized, skipping
Refreshing native plugins compatible for Editor in 0.66 ms, found 1 plugins.
Preloading 0 native plugins for Editor in 0.00 ms.
Unloading 1944 Unused Serialized files (Serialized files now loaded: 0)
System memory in use before: 97.5 MB.
System memory in use after: 97.3 MB.

Unloading 10 unused Assets to reduce memory usage. Loaded Objects now: 2515.
Total: 3.666100 ms (FindLiveObjects: 0.249500 ms CreateObjectMapping: 0.063000 ms MarkObjects: 3.085900 ms  DeleteObjects: 0.266200 ms)

========================================================================
Received Prepare
Registering precompiled user dll's ...
Registered in 0.001433 seconds.
Begin MonoManager ReloadAssembly
Native extension for WindowsStandalone target not found
Native extension for WebGL target not found
Refreshing native plugins compatible for Editor in 0.63 ms, found 1 plugins.
Preloading 0 native plugins for Editor in 0.00 ms.
Mono: successfully reloaded assembly
- Completed reload, in  0.995 seconds
Platform modules already initialized, skipping
Refreshing native plugins compatible for Editor in 0.54 ms, found 1 plugins.
Preloading 0 native plugins for Editor in 0.00 ms.
Unloading 1944 Unused Serialized files (Serialized files now loaded: 0)
System memory in use before: 97.5 MB.
System memory in use after: 97.3 MB.

Unloading 10 unused Assets to reduce memory usage. Loaded Objects now: 2518.
Total: 3.019700 ms (FindLiveObjects: 0.223800 ms CreateObjectMapping: 0.064000 ms MarkObjects: 2.457700 ms  DeleteObjects: 0.272700 ms)

========================================================================
Received Prepare
Registering precompiled user dll's ...
Registered in 0.002931 seconds.
Begin MonoManager ReloadAssembly
Native extension for WindowsStandalone target not found
Native extension for WebGL target not found
Refreshing native plugins compatible for Editor in 0.58 ms, found 1 plugins.
Preloading 0 native plugins for Editor in 0.00 ms.
Mono: successfully reloaded assembly
- Completed reload, in  0.988 seconds
Platform modules already initialized, skipping
Refreshing native plugins compatible for Editor in 0.55 ms, found 1 plugins.
Preloading 0 native plugins for Editor in 0.00 ms.
Unloading 1944 Unused Serialized files (Serialized files now loaded: 0)
System memory in use before: 97.5 MB.
System memory in use after: 97.3 MB.

Unloading 10 unused Assets to reduce memory usage. Loaded Objects now: 2521.
Total: 2.833500 ms (FindLiveObjects: 0.225600 ms CreateObjectMapping: 0.053500 ms MarkObjects: 2.296000 ms  DeleteObjects: 0.257200 ms)

========================================================================
Received Prepare
Registering precompiled user dll's ...
Registered in 0.001367 seconds.
Begin MonoManager ReloadAssembly
Native extension for WindowsStandalone target not found
Native extension for WebGL target not found
Refreshing native plugins compatible for Editor in 0.54 ms, found 1 plugins.
Preloading 0 native plugins for Editor in 0.00 ms.
Mono: successfully reloaded assembly
- Completed reload, in  1.036 seconds
Platform modules already initialized, skipping
Refreshing native plugins compatible for Editor in 0.55 ms, found 1 plugins.
Preloading 0 native plugins for Editor in 0.00 ms.
Unloading 1944 Unused Serialized files (Serialized files now loaded: 0)
System memory in use before: 97.5 MB.
System memory in use after: 97.3 MB.

Unloading 10 unused Assets to reduce memory usage. Loaded Objects now: 2524.
Total: 2.852900 ms (FindLiveObjects: 0.230700 ms CreateObjectMapping: 0.053700 ms MarkObjects: 2.296500 ms  DeleteObjects: 0.270600 ms)

========================================================================
Received Prepare
Registering precompiled user dll's ...
Registered in 0.001449 seconds.
Begin MonoManager ReloadAssembly
Native extension for WindowsStandalone target not found
Native extension for WebGL target not found
Refreshing native plugins compatible for Editor in 0.57 ms, found 1 plugins.
Preloading 0 native plugins for Editor in 0.00 ms.
Mono: successfully reloaded assembly
- Completed reload, in  1.062 seconds
Platform modules already initialized, skipping
Refreshing native plugins compatible for Editor in 0.56 ms, found 1 plugins.
Preloading 0 native plugins for Editor in 0.00 ms.
Unloading 1944 Unused Serialized files (Serialized files now loaded: 0)
System memory in use before: 97.5 MB.
System memory in use after: 97.3 MB.

Unloading 10 unused Assets to reduce memory usage. Loaded Objects now: 2527.
Total: 2.978800 ms (FindLiveObjects: 0.330200 ms CreateObjectMapping: 0.062400 ms MarkObjects: 2.313100 ms  DeleteObjects: 0.270900 ms)

========================================================================
Received Prepare
Registering precompiled user dll's ...
Registered in 0.003083 seconds.
Begin MonoManager ReloadAssembly
Native extension for WindowsStandalone target not found
Native extension for WebGL target not found
Refreshing native plugins compatible for Editor in 0.55 ms, found 1 plugins.
Preloading 0 native plugins for Editor in 0.00 ms.
Mono: successfully reloaded assembly
- Completed reload, in  0.987 seconds
Platform modules already initialized, skipping
Refreshing native plugins compatible for Editor in 0.56 ms, found 1 plugins.
Preloading 0 native plugins for Editor in 0.00 ms.
Unloading 1944 Unused Serialized files (Serialized files now loaded: 0)
System memory in use before: 97.5 MB.
System memory in use after: 97.3 MB.

Unloading 10 unused Assets to reduce memory usage. Loaded Objects now: 2530.
Total: 3.028800 ms (FindLiveObjects: 0.234400 ms CreateObjectMapping: 0.053600 ms MarkObjects: 2.467800 ms  DeleteObjects: 0.271100 ms)

========================================================================
Received Prepare
Registering precompiled user dll's ...
Registered in 0.002803 seconds.
Begin MonoManager ReloadAssembly
Native extension for WindowsStandalone target not found
Native extension for WebGL target not found
Refreshing native plugins compatible for Editor in 0.55 ms, found 1 plugins.
Preloading 0 native plugins for Editor in 0.00 ms.
Mono: successfully reloaded assembly
- Completed reload, in  1.013 seconds
Platform modules already initialized, skipping
Refreshing native plugins compatible for Editor in 0.58 ms, found 1 plugins.
Preloading 0 native plugins for Editor in 0.00 ms.
Unloading 1944 Unused Serialized files (Serialized files now loaded: 0)
System memory in use before: 97.5 MB.
System memory in use after: 97.3 MB.

Unloading 10 unused Assets to reduce memory usage. Loaded Objects now: 2533.
Total: 3.051400 ms (FindLiveObjects: 0.246100 ms CreateObjectMapping: 0.055400 ms MarkObjects: 2.445100 ms  DeleteObjects: 0.303100 ms)

AssetImportWorkerClient::OnTransportError - code=2 error=End of file
